<?xml version="1.0" encoding="UTF-8"?>
<!-- Generated by org.testng.reporters.JUnitReportReporter -->
<testsuite hostname="DESKTOP-MAVLUO2" failures="0" tests="1" name="Android.GMail.SenAMail" time="21.126" errors="0" timestamp="20 Jul 2018 01:25:36 GMT" skipped="0">
  <testcase classname="Android.GMail.SenAMail" name="OpenGmail" time="21.126"/>
</testsuite> <!-- Android.GMail.SenAMail -->
