<?xml version="1.0" encoding="UTF-8"?>
<!-- Generated by org.testng.reporters.JUnitReportReporter -->
<testsuite hostname="DESKTOP-MAVLUO2" failures="0" tests="1" name="Android.GMail.SendMail" time="9.240" errors="0" timestamp="21 Jul 2018 21:19:56 GMT" skipped="0">
  <testcase classname="Android.GMail.SendMail" name="SearchAMail" time="9.240"/>
</testsuite> <!-- Android.GMail.SendMail -->
