<?xml version="1.0" encoding="UTF-8"?>
<!-- Generated by org.testng.reporters.JUnitReportReporter -->
<testsuite hostname="DESKTOP-MAVLUO2" failures="0" tests="1" name="GMail.OpenSettings" time="10.067" errors="0" timestamp="28 Jul 2018 19:59:35 GMT" skipped="0">
  <testcase classname="GMail.OpenSettings" name="OpenSettings" time="10.067"/>
</testsuite> <!-- GMail.OpenSettings -->
