<?xml version="1.0" encoding="UTF-8"?>
<!-- Generated by org.testng.reporters.JUnitReportReporter -->
<testsuite hostname="DESKTOP-MAVLUO2" failures="0" tests="1" name="Android.GMail.SearchingMail" time="10.776" errors="0" timestamp="21 Jul 2018 21:25:34 GMT" skipped="0">
  <testcase classname="Android.GMail.SearchingMail" name="SearchAMail" time="10.776"/>
</testsuite> <!-- Android.GMail.SearchingMail -->
