<?xml version="1.0" encoding="UTF-8"?>
<!-- Generated by org.testng.reporters.JUnitReportReporter -->
<testsuite hostname="DESKTOP-MAVLUO2" failures="0" tests="1" name="GMail.OpenMails" time="46.372" errors="0" timestamp="28 Jul 2018 22:55:08 GMT" skipped="0">
  <testcase classname="GMail.OpenMails" name="OpeningMail" time="46.372"/>
</testsuite> <!-- GMail.OpenMails -->
