<?xml version="1.0" encoding="UTF-8"?>
<!-- Generated by org.testng.reporters.JUnitReportReporter -->
<testsuite hostname="DESKTOP-MAVLUO2" failures="0" tests="3" name="GMail.All" time="36.943" errors="0" timestamp="21 Jul 2018 22:26:31 GMT" skipped="0">
  <testcase classname="GMail.All" name="OpeningMail" time="6.845"/>
  <testcase classname="GMail.All" name="SendMail" time="17.170"/>
  <testcase classname="GMail.All" name="SearchAMail" time="12.928"/>
</testsuite> <!-- GMail.All -->
