<?xml version="1.0" encoding="UTF-8"?>
<!-- Generated by org.testng.reporters.JUnitReportReporter -->
<testsuite hostname="DESKTOP-MAVLUO2" failures="0" tests="1" name="Android.GMail.SenAMail2" time="19.753" errors="0" timestamp="20 Jul 2018 01:39:06 GMT" skipped="0">
  <testcase classname="Android.GMail.SenAMail2" name="OpenGmailWithExistingMail" time="19.753"/>
</testsuite> <!-- Android.GMail.SenAMail2 -->
