<?xml version="1.0" encoding="UTF-8"?>
<!-- Generated by org.testng.reporters.JUnitReportReporter -->
<testsuite hostname="DESKTOP-MAVLUO2" failures="0" tests="1" name="Android.GMail.OpenMail" time="37.783" errors="0" timestamp="21 Jul 2018 19:43:50 GMT" skipped="0">
  <testcase classname="Android.GMail.OpenMail" name="OpeningMail" time="37.783"/>
</testsuite> <!-- Android.GMail.OpenMail -->
